<?xml version="1.0" encoding="UTF-8"?>
<coverage generated="1579519559824" clover="3.2.0">
  <project timestamp="1579519559825" name="All files">
    <metrics statements="76" coveredstatements="62" conditionals="19" coveredconditionals="14" methods="35" coveredmethods="24" elements="130" coveredelements="100" complexity="0" loc="76" ncloc="76" packages="10" files="13" classes="13"/>
    <package name="src">
      <metrics statements="30" coveredstatements="21" conditionals="6" coveredconditionals="4" methods="11" coveredmethods="4"/>
      <file name="App.js" path="C:\DH Assignment Tools\dh-frontend-assignment\src\App.js">
        <metrics statements="28" coveredstatements="21" conditionals="6" coveredconditionals="4" methods="11" coveredmethods="4"/>
        <line num="8" count="3" type="stmt"/>
        <line num="9" count="3" type="stmt"/>
        <line num="10" count="3" type="stmt"/>
        <line num="11" count="3" type="stmt"/>
        <line num="12" count="3" type="stmt"/>
        <line num="14" count="3" type="stmt"/>
        <line num="17" count="0" type="stmt"/>
        <line num="18" count="0" type="stmt"/>
        <line num="22" count="3" type="stmt"/>
        <line num="23" count="3" type="stmt"/>
        <line num="24" count="3" type="cond" truecount="3" falsecount="1"/>
        <line num="25" count="3" type="stmt"/>
        <line num="26" count="3" type="stmt"/>
        <line num="29" count="3" type="cond" truecount="1" falsecount="1"/>
        <line num="30" count="0" type="stmt"/>
        <line num="32" count="3" type="stmt"/>
        <line num="35" count="3" type="stmt"/>
        <line num="36" count="3" type="stmt"/>
        <line num="37" count="1" type="stmt"/>
        <line num="42" count="3" type="stmt"/>
        <line num="45" count="0" type="stmt"/>
        <line num="49" count="0" type="stmt"/>
        <line num="52" count="3" type="stmt"/>
        <line num="53" count="3" type="stmt"/>
        <line num="55" count="3" type="stmt"/>
        <line num="56" count="0" type="stmt"/>
        <line num="59" count="3" type="stmt"/>
        <line num="66" count="0" type="stmt"/>
      </file>
      <file name="HotApp.js" path="C:\DH Assignment Tools\dh-frontend-assignment\src\HotApp.js">
        <metrics statements="0" coveredstatements="0" conditionals="0" coveredconditionals="0" methods="0" coveredmethods="0"/>
      </file>
      <file name="MOCK_DATA.json" path="C:\DH Assignment Tools\dh-frontend-assignment\src\MOCK_DATA.json">
        <metrics statements="1" coveredstatements="0" conditionals="0" coveredconditionals="0" methods="0" coveredmethods="0"/>
        <line num="1" count="0" type="stmt"/>
      </file>
      <file name="entry.js" path="C:\DH Assignment Tools\dh-frontend-assignment\src\entry.js">
        <metrics statements="1" coveredstatements="0" conditionals="0" coveredconditionals="0" methods="0" coveredmethods="0"/>
        <line num="7" count="0" type="stmt"/>
      </file>
    </package>
    <package name="src.components.Container">
      <metrics statements="3" coveredstatements="3" conditionals="0" coveredconditionals="0" methods="1" coveredmethods="1"/>
      <file name="Container.js" path="C:\DH Assignment Tools\dh-frontend-assignment\src\components\Container\Container.js">
        <metrics statements="3" coveredstatements="3" conditionals="0" coveredconditionals="0" methods="1" coveredmethods="1"/>
        <line num="4" count="3" type="stmt"/>
        <line num="9" count="3" type="stmt"/>
        <line num="10" count="4" type="stmt"/>
      </file>
    </package>
    <package name="src.components.DropdownSearch">
      <metrics statements="22" coveredstatements="19" conditionals="7" coveredconditionals="7" methods="12" coveredmethods="9"/>
      <file name="DropdownSearch.js" path="C:\DH Assignment Tools\dh-frontend-assignment\src\components\DropdownSearch\DropdownSearch.js">
        <metrics statements="22" coveredstatements="19" conditionals="7" coveredconditionals="7" methods="12" coveredmethods="9"/>
        <line num="9" count="3" type="stmt"/>
        <line num="16" count="8" type="stmt"/>
        <line num="17" count="8" type="stmt"/>
        <line num="18" count="8" type="stmt"/>
        <line num="20" count="3000" type="stmt"/>
        <line num="22" count="8" type="stmt"/>
        <line num="23" count="1" type="stmt"/>
        <line num="24" count="1" type="stmt"/>
        <line num="25" count="1" type="stmt"/>
        <line num="28" count="8" type="stmt"/>
        <line num="29" count="1" type="stmt"/>
        <line num="30" count="1" type="stmt"/>
        <line num="34" count="8" type="stmt"/>
        <line num="35" count="0" type="stmt"/>
        <line num="38" count="8" type="stmt"/>
        <line num="39" count="0" type="stmt"/>
        <line num="40" count="0" type="stmt"/>
        <line num="43" count="8" type="stmt"/>
        <line num="48" count="1" type="stmt"/>
        <line num="62" count="17682" type="cond" truecount="2" falsecount="0"/>
        <line num="64" count="3000" type="cond" truecount="2" falsecount="0"/>
        <line num="67" count="2955" type="stmt"/>
      </file>
    </package>
    <package name="src.components.DropdownSearch.DropdownInput">
      <metrics statements="1" coveredstatements="1" conditionals="0" coveredconditionals="0" methods="1" coveredmethods="1"/>
      <file name="Input.js" path="C:\DH Assignment Tools\dh-frontend-assignment\src\components\DropdownSearch\DropdownInput\Input.js">
        <metrics statements="1" coveredstatements="1" conditionals="0" coveredconditionals="0" methods="1" coveredmethods="1"/>
        <line num="5" count="9" type="stmt"/>
      </file>
    </package>
    <package name="src.components.DropdownSearch.DropdownLabel">
      <metrics statements="1" coveredstatements="1" conditionals="0" coveredconditionals="0" methods="0" coveredmethods="0"/>
      <file name="DropdownLabel.js" path="C:\DH Assignment Tools\dh-frontend-assignment\src\components\DropdownSearch\DropdownLabel\DropdownLabel.js">
        <metrics statements="1" coveredstatements="1" conditionals="0" coveredconditionals="0" methods="0" coveredmethods="0"/>
        <line num="3" count="4" type="stmt"/>
      </file>
    </package>
    <package name="src.components.DropdownSearch.DropdownListItems">
      <metrics statements="2" coveredstatements="2" conditionals="2" coveredconditionals="2" methods="2" coveredmethods="2"/>
      <file name="ListItems.js" path="C:\DH Assignment Tools\dh-frontend-assignment\src\components\DropdownSearch\DropdownListItems\ListItems.js">
        <metrics statements="2" coveredstatements="2" conditionals="2" coveredconditionals="2" methods="2" coveredmethods="2"/>
        <line num="3" count="2961" type="stmt"/>
        <line num="14" count="2961" type="cond" truecount="2" falsecount="0"/>
      </file>
    </package>
    <package name="src.components.DropdownSearch.DropdownSearchList">
      <metrics statements="4" coveredstatements="4" conditionals="0" coveredconditionals="0" methods="1" coveredmethods="1"/>
      <file name="List.js" path="C:\DH Assignment Tools\dh-frontend-assignment\src\components\DropdownSearch\DropdownSearchList\List.js">
        <metrics statements="4" coveredstatements="4" conditionals="0" coveredconditionals="0" methods="1" coveredmethods="1"/>
        <line num="4" count="3" type="stmt"/>
        <line num="15" count="3" type="stmt"/>
        <line num="26" count="3" type="stmt"/>
        <line num="27" count="8" type="stmt"/>
      </file>
    </package>
    <package name="src.components.DropdownSearch.DropdownSearchNav">
      <metrics statements="1" coveredstatements="1" conditionals="0" coveredconditionals="0" methods="0" coveredmethods="0"/>
      <file name="Nav.js" path="C:\DH Assignment Tools\dh-frontend-assignment\src\components\DropdownSearch\DropdownSearchNav\Nav.js">
        <metrics statements="1" coveredstatements="1" conditionals="0" coveredconditionals="0" methods="0" coveredmethods="0"/>
        <line num="3" count="4" type="stmt"/>
      </file>
    </package>
    <package name="src.components.DropdownSearch.DropdownSearchWrapper">
      <metrics statements="2" coveredstatements="2" conditionals="2" coveredconditionals="1" methods="2" coveredmethods="2"/>
      <file name="Wrapper.js" path="C:\DH Assignment Tools\dh-frontend-assignment\src\components\DropdownSearch\DropdownSearchWrapper\Wrapper.js">
        <metrics statements="2" coveredstatements="2" conditionals="2" coveredconditionals="1" methods="2" coveredmethods="2"/>
        <line num="2" count="10" type="stmt"/>
        <line num="11" count="10" type="cond" truecount="1" falsecount="1"/>
      </file>
    </package>
    <package name="src.customHooks">
      <metrics statements="10" coveredstatements="8" conditionals="2" coveredconditionals="0" methods="5" coveredmethods="4"/>
      <file name="useKey.js" path="C:\DH Assignment Tools\dh-frontend-assignment\src\customHooks\useKey.js">
        <metrics statements="10" coveredstatements="8" conditionals="2" coveredconditionals="0" methods="5" coveredmethods="4"/>
        <line num="3" count="2" type="stmt"/>
        <line num="4" count="6" type="stmt"/>
        <line num="6" count="6" type="stmt"/>
        <line num="7" count="6" type="stmt"/>
        <line num="11" count="0" type="cond" truecount="0" falsecount="2"/>
        <line num="12" count="0" type="stmt"/>
        <line num="16" count="6" type="stmt"/>
        <line num="17" count="6" type="stmt"/>
        <line num="18" count="6" type="stmt"/>
        <line num="19" count="2" type="stmt"/>
      </file>
    </package>
  </project>
</coverage>
