<?xml version="1.0" encoding="UTF-8"?>
<coverage generated="1578619672899" clover="3.2.0">
  <project timestamp="1578619672900" name="All files">
    <metrics statements="75" coveredstatements="41" conditionals="25" coveredconditionals="8" methods="34" coveredmethods="8" elements="134" coveredelements="57" complexity="0" loc="75" ncloc="75" packages="4" files="16" classes="16"/>
    <package name="src">
      <metrics statements="45" coveredstatements="27" conditionals="6" coveredconditionals="4" methods="13" coveredmethods="2"/>
      <file name="App.js" path="C:\DH Assignment Tools\dh-frontend-assignment\src\App.js">
        <metrics statements="41" coveredstatements="27" conditionals="6" coveredconditionals="4" methods="12" coveredmethods="2"/>
        <line num="9" count="1" type="stmt"/>
        <line num="10" count="1" type="stmt"/>
        <line num="11" count="1" type="stmt"/>
        <line num="12" count="1" type="stmt"/>
        <line num="13" count="1" type="stmt"/>
        <line num="14" count="1" type="stmt"/>
        <line num="15" count="1" type="stmt"/>
        <line num="16" count="1" type="stmt"/>
        <line num="17" count="1" type="stmt"/>
        <line num="18" count="1" type="stmt"/>
        <line num="19" count="1" type="stmt"/>
        <line num="21" count="1" type="stmt"/>
        <line num="22" count="1" type="stmt"/>
        <line num="23" count="1" type="cond" truecount="3" falsecount="1"/>
        <line num="24" count="1" type="stmt"/>
        <line num="27" count="1" type="cond" truecount="1" falsecount="1"/>
        <line num="28" count="0" type="stmt"/>
        <line num="30" count="1" type="stmt"/>
        <line num="33" count="1" type="stmt"/>
        <line num="34" count="1" type="stmt"/>
        <line num="35" count="0" type="stmt"/>
        <line num="36" count="0" type="stmt"/>
        <line num="41" count="0" type="stmt"/>
        <line num="42" count="0" type="stmt"/>
        <line num="44" count="1" type="stmt"/>
        <line num="45" count="0" type="stmt"/>
        <line num="46" count="0" type="stmt"/>
        <line num="47" count="0" type="stmt"/>
        <line num="50" count="1" type="stmt"/>
        <line num="51" count="0" type="stmt"/>
        <line num="52" count="0" type="stmt"/>
        <line num="56" count="1" type="stmt"/>
        <line num="57" count="0" type="stmt"/>
        <line num="58" count="0" type="stmt"/>
        <line num="61" count="1" type="stmt"/>
        <line num="62" count="0" type="stmt"/>
        <line num="65" count="1" type="stmt"/>
        <line num="66" count="1" type="stmt"/>
        <line num="68" count="1" type="stmt"/>
        <line num="69" count="1" type="stmt"/>
        <line num="75" count="0" type="stmt"/>
      </file>
      <file name="HotApp.js" path="C:\DH Assignment Tools\dh-frontend-assignment\src\HotApp.js">
        <metrics statements="0" coveredstatements="0" conditionals="0" coveredconditionals="0" methods="0" coveredmethods="0"/>
      </file>
      <file name="MOCK_DATA.json" path="C:\DH Assignment Tools\dh-frontend-assignment\src\MOCK_DATA.json">
        <metrics statements="1" coveredstatements="0" conditionals="0" coveredconditionals="0" methods="0" coveredmethods="0"/>
        <line num="1" count="0" type="stmt"/>
      </file>
      <file name="SearchIcon.js" path="C:\DH Assignment Tools\dh-frontend-assignment\src\SearchIcon.js">
        <metrics statements="2" coveredstatements="0" conditionals="0" coveredconditionals="0" methods="1" coveredmethods="0"/>
        <line num="3" count="0" type="stmt"/>
        <line num="4" count="0" type="stmt"/>
      </file>
      <file name="entry.js" path="C:\DH Assignment Tools\dh-frontend-assignment\src\entry.js">
        <metrics statements="1" coveredstatements="0" conditionals="0" coveredconditionals="0" methods="0" coveredmethods="0"/>
        <line num="7" count="0" type="stmt"/>
      </file>
    </package>
    <package name="src.components">
      <metrics statements="18" coveredstatements="3" conditionals="14" coveredconditionals="0" methods="14" coveredmethods="1"/>
      <file name="Container.js" path="C:\DH Assignment Tools\dh-frontend-assignment\src\components\Container.js">
        <metrics statements="3" coveredstatements="3" conditionals="0" coveredconditionals="0" methods="1" coveredmethods="1"/>
        <line num="4" count="1" type="stmt"/>
        <line num="9" count="1" type="stmt"/>
        <line num="10" count="1" type="stmt"/>
      </file>
      <file name="Input.js" path="C:\DH Assignment Tools\dh-frontend-assignment\src\components\Input.js">
        <metrics statements="2" coveredstatements="0" conditionals="2" coveredconditionals="0" methods="2" coveredmethods="0"/>
        <line num="3" count="0" type="stmt"/>
        <line num="14" count="0" type="cond" truecount="0" falsecount="2"/>
      </file>
      <file name="List.js" path="C:\DH Assignment Tools\dh-frontend-assignment\src\components\List.js">
        <metrics statements="1" coveredstatements="0" conditionals="0" coveredconditionals="0" methods="0" coveredmethods="0"/>
        <line num="3" count="0" type="stmt"/>
      </file>
      <file name="ListItems.js" path="C:\DH Assignment Tools\dh-frontend-assignment\src\components\ListItems.js">
        <metrics statements="2" coveredstatements="0" conditionals="2" coveredconditionals="0" methods="2" coveredmethods="0"/>
        <line num="3" count="0" type="stmt"/>
        <line num="11" count="0" type="cond" truecount="0" falsecount="2"/>
      </file>
      <file name="ListWrapper.js" path="C:\DH Assignment Tools\dh-frontend-assignment\src\components\ListWrapper.js">
        <metrics statements="2" coveredstatements="0" conditionals="2" coveredconditionals="0" methods="2" coveredmethods="0"/>
        <line num="3" count="0" type="stmt"/>
        <line num="6" count="0" type="cond" truecount="0" falsecount="2"/>
      </file>
      <file name="Nav.js" path="C:\DH Assignment Tools\dh-frontend-assignment\src\components\Nav.js">
        <metrics statements="2" coveredstatements="0" conditionals="2" coveredconditionals="0" methods="2" coveredmethods="0"/>
        <line num="3" count="0" type="stmt"/>
        <line num="6" count="0" type="cond" truecount="0" falsecount="2"/>
      </file>
      <file name="Options.js" path="C:\DH Assignment Tools\dh-frontend-assignment\src\components\Options.js">
        <metrics statements="2" coveredstatements="0" conditionals="2" coveredconditionals="0" methods="2" coveredmethods="0"/>
        <line num="3" count="0" type="stmt"/>
        <line num="12" count="0" type="cond" truecount="0" falsecount="2"/>
      </file>
      <file name="Select.js" path="C:\DH Assignment Tools\dh-frontend-assignment\src\components\Select.js">
        <metrics statements="2" coveredstatements="0" conditionals="2" coveredconditionals="0" methods="2" coveredmethods="0"/>
        <line num="4" count="0" type="stmt"/>
        <line num="7" count="0" type="cond" truecount="0" falsecount="2"/>
      </file>
      <file name="Wrapper.js" path="C:\DH Assignment Tools\dh-frontend-assignment\src\components\Wrapper.js">
        <metrics statements="2" coveredstatements="0" conditionals="2" coveredconditionals="0" methods="1" coveredmethods="0"/>
        <line num="2" count="0" type="stmt"/>
        <line num="6" count="0" type="cond" truecount="0" falsecount="2"/>
      </file>
    </package>
    <package name="src.components.ContactInput">
      <metrics statements="11" coveredstatements="11" conditionals="5" coveredconditionals="4" methods="6" coveredmethods="5"/>
      <file name="ContactInput.js" path="C:\DH Assignment Tools\dh-frontend-assignment\src\components\ContactInput\ContactInput.js">
        <metrics statements="11" coveredstatements="11" conditionals="5" coveredconditionals="4" methods="6" coveredmethods="5"/>
        <line num="4" count="2" type="stmt"/>
        <line num="9" count="2" type="cond" truecount="1" falsecount="1"/>
        <line num="29" count="2" type="stmt"/>
        <line num="37" count="2" type="stmt"/>
        <line num="49" count="1000" type="stmt"/>
        <line num="64" count="2" type="stmt"/>
        <line num="76" count="2" type="stmt"/>
        <line num="116" count="2" type="stmt"/>
        <line num="129" count="3" type="stmt"/>
        <line num="147" count="1000" type="cond" truecount="2" falsecount="0"/>
        <line num="149" count="1000" type="stmt"/>
      </file>
    </package>
    <package name="src.customHooks">
      <metrics statements="1" coveredstatements="0" conditionals="0" coveredconditionals="0" methods="1" coveredmethods="0"/>
      <file name="useKey.js" path="C:\DH Assignment Tools\dh-frontend-assignment\src\customHooks\useKey.js">
        <metrics statements="1" coveredstatements="0" conditionals="0" coveredconditionals="0" methods="1" coveredmethods="0"/>
        <line num="3" count="0" type="stmt"/>
      </file>
    </package>
  </project>
</coverage>
