{"C:\\DH Assignment Tools\\dh-frontend-assignment\\src\\App.js": {"path":"C:\\DH Assignment Tools\\dh-frontend-assignment\\src\\App.js","statementMap":{"0":{"start":{"line":8,"column":17},"end":{"line":8,"column":29}},"1":{"start":{"line":9,"column":19},"end":{"line":9,"column":31}},"2":{"start":{"line":10,"column":17},"end":{"line":10,"column":25}},"3":{"start":{"line":11,"column":15},"end":{"line":11,"column":41}},"4":{"start":{"line":12,"column":32},"end":{"line":12,"column":44}},"5":{"start":{"line":14,"column":38},"end":{"line":14,"column":66}},"6":{"start":{"line":17,"column":33},"end":{"line":17,"column":51}},"7":{"start":{"line":18,"column":4},"end":{"line":18,"column":40}},"8":{"start":{"line":22,"column":4},"end":{"line":39,"column":21}},"9":{"start":{"line":23,"column":20},"end":{"line":23,"column":21}},"10":{"start":{"line":24,"column":6},"end":{"line":27,"column":7}},"11":{"start":{"line":25,"column":27},"end":{"line":25,"column":65}},"12":{"start":{"line":26,"column":8},"end":{"line":26,"column":25}},"13":{"start":{"line":29,"column":6},"end":{"line":33,"column":7}},"14":{"start":{"line":30,"column":8},"end":{"line":30,"column":44}},"15":{"start":{"line":32,"column":8},"end":{"line":32,"column":41}},"16":{"start":{"line":35,"column":6},"end":{"line":35,"column":62}},"17":{"start":{"line":35,"column":46},"end":{"line":35,"column":60}},"18":{"start":{"line":36,"column":6},"end":{"line":38,"column":8}},"19":{"start":{"line":37,"column":8},"end":{"line":37,"column":67}},"20":{"start":{"line":37,"column":51},"end":{"line":37,"column":65}},"21":{"start":{"line":42,"column":2},"end":{"line":42,"column":18}},"22":{"start":{"line":45,"column":4},"end":{"line":45,"column":36}},"23":{"start":{"line":49,"column":4},"end":{"line":49,"column":35}},"24":{"start":{"line":52,"column":2},"end":{"line":52,"column":27}},"25":{"start":{"line":53,"column":2},"end":{"line":53,"column":26}},"26":{"start":{"line":55,"column":18},"end":{"line":57,"column":3}},"27":{"start":{"line":56,"column":4},"end":{"line":56,"column":21}},"28":{"start":{"line":59,"column":2},"end":{"line":69,"column":4}},"29":{"start":{"line":66,"column":25},"end":{"line":66,"column":38}}},"fnMap":{"0":{"name":"App","decl":{"start":{"line":7,"column":9},"end":{"line":7,"column":12}},"loc":{"start":{"line":7,"column":15},"end":{"line":70,"column":1}},"line":7},"1":{"name":"handleResize","decl":{"start":{"line":16,"column":11},"end":{"line":16,"column":23}},"loc":{"start":{"line":16,"column":26},"end":{"line":19,"column":3}},"line":16},"2":{"name":"useWindowSize","decl":{"start":{"line":21,"column":11},"end":{"line":21,"column":24}},"loc":{"start":{"line":21,"column":27},"end":{"line":40,"column":3}},"line":21},"3":{"name":"(anonymous_3)","decl":{"start":{"line":22,"column":20},"end":{"line":22,"column":21}},"loc":{"start":{"line":22,"column":26},"end":{"line":39,"column":5}},"line":22},"4":{"name":"(anonymous_4)","decl":{"start":{"line":35,"column":40},"end":{"line":35,"column":41}},"loc":{"start":{"line":35,"column":46},"end":{"line":35,"column":60}},"line":35},"5":{"name":"(anonymous_5)","decl":{"start":{"line":36,"column":13},"end":{"line":36,"column":14}},"loc":{"start":{"line":36,"column":19},"end":{"line":38,"column":7}},"line":36},"6":{"name":"(anonymous_6)","decl":{"start":{"line":37,"column":45},"end":{"line":37,"column":46}},"loc":{"start":{"line":37,"column":51},"end":{"line":37,"column":65}},"line":37},"7":{"name":"onEnter","decl":{"start":{"line":44,"column":11},"end":{"line":44,"column":18}},"loc":{"start":{"line":44,"column":21},"end":{"line":46,"column":3}},"line":44},"8":{"name":"onESC","decl":{"start":{"line":48,"column":11},"end":{"line":48,"column":16}},"loc":{"start":{"line":48,"column":19},"end":{"line":50,"column":3}},"line":48},"9":{"name":"(anonymous_9)","decl":{"start":{"line":55,"column":18},"end":{"line":55,"column":19}},"loc":{"start":{"line":55,"column":26},"end":{"line":57,"column":3}},"line":55},"10":{"name":"(anonymous_10)","decl":{"start":{"line":66,"column":17},"end":{"line":66,"column":18}},"loc":{"start":{"line":66,"column":25},"end":{"line":66,"column":38}},"line":66}},"branchMap":{"0":{"loc":{"start":{"line":24,"column":6},"end":{"line":27,"column":7}},"type":"if","locations":[{"start":{"line":24,"column":6},"end":{"line":27,"column":7}},{"start":{"line":24,"column":6},"end":{"line":27,"column":7}}],"line":24},"1":{"loc":{"start":{"line":24,"column":10},"end":{"line":24,"column":28}},"type":"binary-expr","locations":[{"start":{"line":24,"column":10},"end":{"line":24,"column":16}},{"start":{"line":24,"column":20},"end":{"line":24,"column":28}}],"line":24},"2":{"loc":{"start":{"line":29,"column":6},"end":{"line":33,"column":7}},"type":"if","locations":[{"start":{"line":29,"column":6},"end":{"line":33,"column":7}},{"start":{"line":29,"column":6},"end":{"line":33,"column":7}}],"line":29}},"s":{"0":3,"1":3,"2":3,"3":3,"4":3,"5":3,"6":0,"7":0,"8":3,"9":3,"10":3,"11":3,"12":3,"13":3,"14":0,"15":3,"16":3,"17":0,"18":3,"19":1,"20":0,"21":3,"22":0,"23":0,"24":3,"25":3,"26":3,"27":0,"28":3,"29":0},"f":{"0":3,"1":0,"2":3,"3":3,"4":0,"5":1,"6":0,"7":0,"8":0,"9":0,"10":0},"b":{"0":[3,0],"1":[3,3],"2":[0,3]},"_coverageSchema":"43e27e138ebf9cfc5966b082cf9a028302ed4184","hash":"0e7e90f3fc8b13c2c8b7a6d635acc83a71823890"}
,"C:\\DH Assignment Tools\\dh-frontend-assignment\\src\\HotApp.js": {"path":"C:\\DH Assignment Tools\\dh-frontend-assignment\\src\\HotApp.js","statementMap":{},"fnMap":{},"branchMap":{},"s":{},"f":{},"b":{},"hash":"e91cfcb440425e03d7a665ec9e237dc1da5d8442"}
,"C:\\DH Assignment Tools\\dh-frontend-assignment\\src\\MOCK_DATA.json": {"path":"C:\\DH Assignment Tools\\dh-frontend-assignment\\src\\MOCK_DATA.json","statementMap":{"0":{"start":{"line":1,"column":0},"end":{"line":1000,"column":21}}},"fnMap":{},"branchMap":{},"s":{"0":0},"f":{},"b":{},"hash":"8ee876e6c33d24755ecd86c1c82bd027ef29df85"}
,"C:\\DH Assignment Tools\\dh-frontend-assignment\\src\\entry.js": {"path":"C:\\DH Assignment Tools\\dh-frontend-assignment\\src\\entry.js","statementMap":{"0":{"start":{"line":7,"column":0},"end":{"line":7,"column":60}}},"fnMap":{},"branchMap":{},"s":{"0":0},"f":{},"b":{},"hash":"6923914f0bf5c3f4b0352a6c77ffc67838c022a3"}
,"C:\\DH Assignment Tools\\dh-frontend-assignment\\src\\components\\Container\\Container.js": {"path":"C:\\DH Assignment Tools\\dh-frontend-assignment\\src\\components\\Container\\Container.js","statementMap":{"0":{"start":{"line":4,"column":16},"end":{"line":7,"column":1}},"1":{"start":{"line":9,"column":18},"end":{"line":11,"column":1}},"2":{"start":{"line":10,"column":2},"end":{"line":10,"column":45}}},"fnMap":{"0":{"name":"(anonymous_0)","decl":{"start":{"line":9,"column":18},"end":{"line":9,"column":19}},"loc":{"start":{"line":9,"column":27},"end":{"line":11,"column":1}},"line":9}},"branchMap":{},"s":{"0":3,"1":3,"2":4},"f":{"0":4},"b":{},"_coverageSchema":"43e27e138ebf9cfc5966b082cf9a028302ed4184","hash":"8ab35bcc3361d6629ec8873863857a82d22b82ea"}
,"C:\\DH Assignment Tools\\dh-frontend-assignment\\src\\components\\DropdownSearch\\DropdownSearch.js": {"path":"C:\\DH Assignment Tools\\dh-frontend-assignment\\src\\components\\DropdownSearch\\DropdownSearch.js","statementMap":{"0":{"start":{"line":9,"column":23},"end":{"line":76,"column":1}},"1":{"start":{"line":16,"column":42},"end":{"line":16,"column":58}},"2":{"start":{"line":17,"column":52},"end":{"line":17,"column":67}},"3":{"start":{"line":18,"column":40},"end":{"line":18,"column":52}},"4":{"start":{"line":20,"column":4},"end":{"line":20,"column":74}},"5":{"start":{"line":20,"column":32},"end":{"line":20,"column":60}},"6":{"start":{"line":22,"column":28},"end":{"line":26,"column":3}},"7":{"start":{"line":23,"column":25},"end":{"line":23,"column":39}},"8":{"start":{"line":24,"column":4},"end":{"line":24,"column":53}},"9":{"start":{"line":25,"column":4},"end":{"line":25,"column":33}},"10":{"start":{"line":28,"column":22},"end":{"line":32,"column":3}},"11":{"start":{"line":29,"column":4},"end":{"line":31,"column":12}},"12":{"start":{"line":30,"column":6},"end":{"line":30,"column":33}},"13":{"start":{"line":34,"column":21},"end":{"line":36,"column":3}},"14":{"start":{"line":35,"column":4},"end":{"line":35,"column":32}},"15":{"start":{"line":38,"column":21},"end":{"line":41,"column":3}},"16":{"start":{"line":39,"column":4},"end":{"line":39,"column":18}},"17":{"start":{"line":40,"column":4},"end":{"line":40,"column":25}},"18":{"start":{"line":43,"column":2},"end":{"line":75,"column":4}},"19":{"start":{"line":48,"column":32},"end":{"line":48,"column":52}},"20":{"start":{"line":62,"column":31},"end":{"line":62,"column":55}},"21":{"start":{"line":64,"column":24},"end":{"line":64,"column":74}},"22":{"start":{"line":67,"column":16},"end":{"line":69,"column":28}},"23":{"start":{"line":67,"column":54},"end":{"line":67,"column":77}}},"fnMap":{"0":{"name":"(anonymous_0)","decl":{"start":{"line":9,"column":23},"end":{"line":9,"column":24}},"loc":{"start":{"line":15,"column":6},"end":{"line":76,"column":1}},"line":15},"1":{"name":"(anonymous_1)","decl":{"start":{"line":20,"column":24},"end":{"line":20,"column":25}},"loc":{"start":{"line":20,"column":32},"end":{"line":20,"column":60}},"line":20},"2":{"name":"(anonymous_2)","decl":{"start":{"line":22,"column":28},"end":{"line":22,"column":29}},"loc":{"start":{"line":22,"column":33},"end":{"line":26,"column":3}},"line":22},"3":{"name":"(anonymous_3)","decl":{"start":{"line":28,"column":22},"end":{"line":28,"column":23}},"loc":{"start":{"line":28,"column":28},"end":{"line":32,"column":3}},"line":28},"4":{"name":"(anonymous_4)","decl":{"start":{"line":29,"column":22},"end":{"line":29,"column":23}},"loc":{"start":{"line":29,"column":33},"end":{"line":31,"column":5}},"line":29},"5":{"name":"(anonymous_5)","decl":{"start":{"line":34,"column":21},"end":{"line":34,"column":22}},"loc":{"start":{"line":34,"column":27},"end":{"line":36,"column":3}},"line":34},"6":{"name":"(anonymous_6)","decl":{"start":{"line":38,"column":21},"end":{"line":38,"column":22}},"loc":{"start":{"line":38,"column":29},"end":{"line":41,"column":3}},"line":38},"7":{"name":"(anonymous_7)","decl":{"start":{"line":48,"column":27},"end":{"line":48,"column":28}},"loc":{"start":{"line":48,"column":32},"end":{"line":48,"column":52}},"line":48},"8":{"name":"(anonymous_8)","decl":{"start":{"line":62,"column":20},"end":{"line":62,"column":21}},"loc":{"start":{"line":62,"column":31},"end":{"line":62,"column":55}},"line":62},"9":{"name":"(anonymous_9)","decl":{"start":{"line":64,"column":16},"end":{"line":64,"column":17}},"loc":{"start":{"line":64,"column":24},"end":{"line":64,"column":74}},"line":64},"10":{"name":"(anonymous_10)","decl":{"start":{"line":66,"column":19},"end":{"line":66,"column":20}},"loc":{"start":{"line":67,"column":16},"end":{"line":69,"column":28}},"line":67},"11":{"name":"(anonymous_11)","decl":{"start":{"line":67,"column":48},"end":{"line":67,"column":49}},"loc":{"start":{"line":67,"column":54},"end":{"line":67,"column":77}},"line":67}},"branchMap":{"0":{"loc":{"start":{"line":11,"column":2},"end":{"line":11,"column":19}},"type":"default-arg","locations":[{"start":{"line":11,"column":17},"end":{"line":11,"column":19}}],"line":11},"1":{"loc":{"start":{"line":56,"column":11},"end":{"line":71,"column":11}},"type":"cond-expr","locations":[{"start":{"line":57,"column":12},"end":{"line":59,"column":24}},{"start":{"line":61,"column":12},"end":{"line":70,"column":16}}],"line":56},"2":{"loc":{"start":{"line":62,"column":31},"end":{"line":62,"column":55}},"type":"cond-expr","locations":[{"start":{"line":62,"column":49},"end":{"line":62,"column":51}},{"start":{"line":62,"column":54},"end":{"line":62,"column":55}}],"line":62},"3":{"loc":{"start":{"line":64,"column":24},"end":{"line":64,"column":74}},"type":"binary-expr","locations":[{"start":{"line":64,"column":24},"end":{"line":64,"column":52}},{"start":{"line":64,"column":56},"end":{"line":64,"column":74}}],"line":64}},"s":{"0":3,"1":8,"2":8,"3":8,"4":8,"5":3000,"6":8,"7":1,"8":1,"9":1,"10":8,"11":1,"12":1,"13":8,"14":0,"15":8,"16":0,"17":0,"18":8,"19":1,"20":17682,"21":3000,"22":2955,"23":0},"f":{"0":8,"1":3000,"2":1,"3":1,"4":1,"5":0,"6":0,"7":1,"8":17682,"9":3000,"10":2955,"11":0},"b":{"0":[5],"1":[5,3],"2":[8877,8805],"3":[3000,3000]},"_coverageSchema":"43e27e138ebf9cfc5966b082cf9a028302ed4184","hash":"3a57b283540d9dd81279a4de31a14276ae551a35"}
,"C:\\DH Assignment Tools\\dh-frontend-assignment\\src\\components\\DropdownSearch\\DropdownInput\\Input.js": {"path":"C:\\DH Assignment Tools\\dh-frontend-assignment\\src\\components\\DropdownSearch\\DropdownInput\\Input.js","statementMap":{"0":{"start":{"line":5,"column":14},"end":{"line":54,"column":1}},"1":{"start":{"line":5,"column":43},"end":{"line":16,"column":1}}},"fnMap":{"0":{"name":"(anonymous_0)","decl":{"start":{"line":5,"column":33},"end":{"line":5,"column":34}},"loc":{"start":{"line":5,"column":43},"end":{"line":16,"column":1}},"line":5}},"branchMap":{},"s":{"0":4,"1":9},"f":{"0":9},"b":{},"_coverageSchema":"43e27e138ebf9cfc5966b082cf9a028302ed4184","hash":"d81f0a1e40c83413cce071e4248366c1b9913f71"}
,"C:\\DH Assignment Tools\\dh-frontend-assignment\\src\\components\\DropdownSearch\\DropdownLabel\\DropdownLabel.js": {"path":"C:\\DH Assignment Tools\\dh-frontend-assignment\\src\\components\\DropdownSearch\\DropdownLabel\\DropdownLabel.js","statementMap":{"0":{"start":{"line":3,"column":14},"end":{"line":13,"column":1}}},"fnMap":{},"branchMap":{},"s":{"0":4},"f":{},"b":{},"_coverageSchema":"43e27e138ebf9cfc5966b082cf9a028302ed4184","hash":"755aa2c9735dae51d7ae1828cf7c2e5490132e78"}
,"C:\\DH Assignment Tools\\dh-frontend-assignment\\src\\components\\DropdownSearch\\DropdownListItems\\ListItems.js": {"path":"C:\\DH Assignment Tools\\dh-frontend-assignment\\src\\components\\DropdownSearch\\DropdownListItems\\ListItems.js","statementMap":{"0":{"start":{"line":3,"column":18},"end":{"line":19,"column":1}},"1":{"start":{"line":3,"column":44},"end":{"line":7,"column":1}},"2":{"start":{"line":14,"column":22},"end":{"line":14,"column":63}}},"fnMap":{"0":{"name":"(anonymous_0)","decl":{"start":{"line":3,"column":34},"end":{"line":3,"column":35}},"loc":{"start":{"line":3,"column":44},"end":{"line":7,"column":1}},"line":3},"1":{"name":"(anonymous_1)","decl":{"start":{"line":14,"column":12},"end":{"line":14,"column":13}},"loc":{"start":{"line":14,"column":22},"end":{"line":14,"column":63}},"line":14}},"branchMap":{"0":{"loc":{"start":{"line":14,"column":22},"end":{"line":14,"column":63}},"type":"cond-expr","locations":[{"start":{"line":14,"column":38},"end":{"line":14,"column":51}},{"start":{"line":14,"column":54},"end":{"line":14,"column":63}}],"line":14}},"s":{"0":4,"1":2961,"2":2961},"f":{"0":2961,"1":2961},"b":{"0":[5,2956]},"_coverageSchema":"43e27e138ebf9cfc5966b082cf9a028302ed4184","hash":"93d8c07df713c6c6c6c61bf35bd0c2d7c74455eb"}
,"C:\\DH Assignment Tools\\dh-frontend-assignment\\src\\components\\DropdownSearch\\DropdownSearchList\\List.js": {"path":"C:\\DH Assignment Tools\\dh-frontend-assignment\\src\\components\\DropdownSearch\\DropdownSearchList\\List.js","statementMap":{"0":{"start":{"line":4,"column":11},"end":{"line":13,"column":1}},"1":{"start":{"line":15,"column":12},"end":{"line":24,"column":1}},"2":{"start":{"line":26,"column":13},"end":{"line":32,"column":1}},"3":{"start":{"line":27,"column":2},"end":{"line":31,"column":4}}},"fnMap":{"0":{"name":"(anonymous_0)","decl":{"start":{"line":26,"column":13},"end":{"line":26,"column":14}},"loc":{"start":{"line":26,"column":31},"end":{"line":32,"column":1}},"line":26}},"branchMap":{},"s":{"0":3,"1":3,"2":3,"3":8},"f":{"0":8},"b":{},"_coverageSchema":"43e27e138ebf9cfc5966b082cf9a028302ed4184","hash":"74927932aec9599772965c12a198bdaf2426c46d"}
,"C:\\DH Assignment Tools\\dh-frontend-assignment\\src\\components\\DropdownSearch\\DropdownSearchNav\\Nav.js": {"path":"C:\\DH Assignment Tools\\dh-frontend-assignment\\src\\components\\DropdownSearch\\DropdownSearchNav\\Nav.js","statementMap":{"0":{"start":{"line":3,"column":12},"end":{"line":9,"column":1}}},"fnMap":{},"branchMap":{},"s":{"0":4},"f":{},"b":{},"_coverageSchema":"43e27e138ebf9cfc5966b082cf9a028302ed4184","hash":"d023ad8d88555c9276865f84e3748fe9d5aa17bc"}
,"C:\\DH Assignment Tools\\dh-frontend-assignment\\src\\components\\DropdownSearch\\DropdownSearchWrapper\\Wrapper.js": {"path":"C:\\DH Assignment Tools\\dh-frontend-assignment\\src\\components\\DropdownSearch\\DropdownSearchWrapper\\Wrapper.js","statementMap":{"0":{"start":{"line":2,"column":16},"end":{"line":30,"column":1}},"1":{"start":{"line":2,"column":43},"end":{"line":6,"column":1}},"2":{"start":{"line":11,"column":25},"end":{"line":11,"column":67}}},"fnMap":{"0":{"name":"(anonymous_0)","decl":{"start":{"line":2,"column":33},"end":{"line":2,"column":34}},"loc":{"start":{"line":2,"column":43},"end":{"line":6,"column":1}},"line":2},"1":{"name":"(anonymous_1)","decl":{"start":{"line":11,"column":15},"end":{"line":11,"column":16}},"loc":{"start":{"line":11,"column":25},"end":{"line":11,"column":67}},"line":11}},"branchMap":{"0":{"loc":{"start":{"line":11,"column":25},"end":{"line":11,"column":67}},"type":"cond-expr","locations":[{"start":{"line":11,"column":51},"end":{"line":11,"column":58}},{"start":{"line":11,"column":61},"end":{"line":11,"column":67}}],"line":11}},"s":{"0":4,"1":10,"2":10},"f":{"0":10,"1":10},"b":{"0":[0,10]},"_coverageSchema":"43e27e138ebf9cfc5966b082cf9a028302ed4184","hash":"a483cff390bee9c9c6eae86c94f4a030a203c34f"}
,"C:\\DH Assignment Tools\\dh-frontend-assignment\\src\\customHooks\\useKey.js": {"path":"C:\\DH Assignment Tools\\dh-frontend-assignment\\src\\customHooks\\useKey.js","statementMap":{"0":{"start":{"line":3,"column":15},"end":{"line":22,"column":1}},"1":{"start":{"line":4,"column":22},"end":{"line":4,"column":32}},"2":{"start":{"line":6,"column":2},"end":{"line":8,"column":5}},"3":{"start":{"line":7,"column":4},"end":{"line":7,"column":29}},"4":{"start":{"line":11,"column":4},"end":{"line":13,"column":5}},"5":{"start":{"line":12,"column":6},"end":{"line":12,"column":29}},"6":{"start":{"line":16,"column":2},"end":{"line":21,"column":12}},"7":{"start":{"line":17,"column":4},"end":{"line":17,"column":54}},"8":{"start":{"line":18,"column":4},"end":{"line":20,"column":6}},"9":{"start":{"line":19,"column":6},"end":{"line":19,"column":59}}},"fnMap":{"0":{"name":"(anonymous_0)","decl":{"start":{"line":3,"column":15},"end":{"line":3,"column":16}},"loc":{"start":{"line":3,"column":28},"end":{"line":22,"column":1}},"line":3},"1":{"name":"(anonymous_1)","decl":{"start":{"line":6,"column":12},"end":{"line":6,"column":13}},"loc":{"start":{"line":6,"column":18},"end":{"line":8,"column":3}},"line":6},"2":{"name":"handleEvent","decl":{"start":{"line":10,"column":11},"end":{"line":10,"column":22}},"loc":{"start":{"line":10,"column":26},"end":{"line":14,"column":3}},"line":10},"3":{"name":"(anonymous_3)","decl":{"start":{"line":16,"column":12},"end":{"line":16,"column":13}},"loc":{"start":{"line":16,"column":18},"end":{"line":21,"column":3}},"line":16},"4":{"name":"(anonymous_4)","decl":{"start":{"line":18,"column":11},"end":{"line":18,"column":12}},"loc":{"start":{"line":18,"column":17},"end":{"line":20,"column":5}},"line":18}},"branchMap":{"0":{"loc":{"start":{"line":11,"column":4},"end":{"line":13,"column":5}},"type":"if","locations":[{"start":{"line":11,"column":4},"end":{"line":13,"column":5}},{"start":{"line":11,"column":4},"end":{"line":13,"column":5}}],"line":11}},"s":{"0":2,"1":6,"2":6,"3":6,"4":0,"5":0,"6":6,"7":6,"8":6,"9":2},"f":{"0":6,"1":6,"2":0,"3":6,"4":2},"b":{"0":[0,0]},"_coverageSchema":"43e27e138ebf9cfc5966b082cf9a028302ed4184","hash":"b6533a00ae890f87a1d0a512091d8a95cc268a67"}
}
