{"C:\\DH Assignment Tools\\dh-frontend-assignment\\src\\App.js": {"path":"C:\\DH Assignment Tools\\dh-frontend-assignment\\src\\App.js","statementMap":{"0":{"start":{"line":9,"column":24},"end":{"line":9,"column":34}},"1":{"start":{"line":10,"column":52},"end":{"line":10,"column":67}},"2":{"start":{"line":11,"column":30},"end":{"line":11,"column":42}},"3":{"start":{"line":12,"column":42},"end":{"line":12,"column":58}},"4":{"start":{"line":13,"column":40},"end":{"line":13,"column":54}},"5":{"start":{"line":14,"column":40},"end":{"line":14,"column":55}},"6":{"start":{"line":15,"column":42},"end":{"line":15,"column":78}},"7":{"start":{"line":16,"column":38},"end":{"line":16,"column":65}},"8":{"start":{"line":17,"column":17},"end":{"line":17,"column":29}},"9":{"start":{"line":18,"column":19},"end":{"line":18,"column":31}},"10":{"start":{"line":19,"column":17},"end":{"line":19,"column":25}},"11":{"start":{"line":21,"column":2},"end":{"line":38,"column":19}},"12":{"start":{"line":22,"column":18},"end":{"line":22,"column":19}},"13":{"start":{"line":23,"column":4},"end":{"line":25,"column":5}},"14":{"start":{"line":24,"column":6},"end":{"line":24,"column":62}},"15":{"start":{"line":27,"column":4},"end":{"line":31,"column":5}},"16":{"start":{"line":28,"column":6},"end":{"line":28,"column":42}},"17":{"start":{"line":30,"column":6},"end":{"line":30,"column":39}},"18":{"start":{"line":33,"column":4},"end":{"line":33,"column":60}},"19":{"start":{"line":33,"column":44},"end":{"line":33,"column":58}},"20":{"start":{"line":34,"column":4},"end":{"line":37,"column":6}},"21":{"start":{"line":35,"column":6},"end":{"line":35,"column":65}},"22":{"start":{"line":35,"column":49},"end":{"line":35,"column":63}},"23":{"start":{"line":36,"column":6},"end":{"line":36,"column":36}},"24":{"start":{"line":41,"column":33},"end":{"line":41,"column":51}},"25":{"start":{"line":42,"column":4},"end":{"line":42,"column":40}},"26":{"start":{"line":44,"column":22},"end":{"line":48,"column":3}},"27":{"start":{"line":45,"column":21},"end":{"line":45,"column":35}},"28":{"start":{"line":46,"column":4},"end":{"line":46,"column":53}},"29":{"start":{"line":47,"column":4},"end":{"line":47,"column":24}},"30":{"start":{"line":50,"column":22},"end":{"line":54,"column":3}},"31":{"start":{"line":51,"column":4},"end":{"line":53,"column":12}},"32":{"start":{"line":52,"column":6},"end":{"line":52,"column":33}},"33":{"start":{"line":56,"column":19},"end":{"line":59,"column":3}},"34":{"start":{"line":57,"column":4},"end":{"line":57,"column":20}},"35":{"start":{"line":58,"column":4},"end":{"line":58,"column":18}},"36":{"start":{"line":61,"column":21},"end":{"line":63,"column":3}},"37":{"start":{"line":62,"column":4},"end":{"line":62,"column":32}},"38":{"start":{"line":65,"column":2},"end":{"line":65,"column":22}},"39":{"start":{"line":66,"column":2},"end":{"line":66,"column":30}},"40":{"start":{"line":68,"column":2},"end":{"line":68,"column":41}},"41":{"start":{"line":69,"column":2},"end":{"line":86,"column":4}},"42":{"start":{"line":75,"column":27},"end":{"line":75,"column":42}}},"fnMap":{"0":{"name":"App","decl":{"start":{"line":8,"column":9},"end":{"line":8,"column":12}},"loc":{"start":{"line":8,"column":15},"end":{"line":87,"column":1}},"line":8},"1":{"name":"(anonymous_1)","decl":{"start":{"line":21,"column":18},"end":{"line":21,"column":19}},"loc":{"start":{"line":21,"column":24},"end":{"line":38,"column":3}},"line":21},"2":{"name":"(anonymous_2)","decl":{"start":{"line":33,"column":38},"end":{"line":33,"column":39}},"loc":{"start":{"line":33,"column":44},"end":{"line":33,"column":58}},"line":33},"3":{"name":"(anonymous_3)","decl":{"start":{"line":34,"column":11},"end":{"line":34,"column":12}},"loc":{"start":{"line":34,"column":17},"end":{"line":37,"column":5}},"line":34},"4":{"name":"(anonymous_4)","decl":{"start":{"line":35,"column":43},"end":{"line":35,"column":44}},"loc":{"start":{"line":35,"column":49},"end":{"line":35,"column":63}},"line":35},"5":{"name":"handleResize","decl":{"start":{"line":40,"column":11},"end":{"line":40,"column":23}},"loc":{"start":{"line":40,"column":26},"end":{"line":43,"column":3}},"line":40},"6":{"name":"(anonymous_6)","decl":{"start":{"line":44,"column":22},"end":{"line":44,"column":23}},"loc":{"start":{"line":44,"column":27},"end":{"line":48,"column":3}},"line":44},"7":{"name":"(anonymous_7)","decl":{"start":{"line":50,"column":22},"end":{"line":50,"column":23}},"loc":{"start":{"line":50,"column":28},"end":{"line":54,"column":3}},"line":50},"8":{"name":"(anonymous_8)","decl":{"start":{"line":51,"column":15},"end":{"line":51,"column":16}},"loc":{"start":{"line":51,"column":26},"end":{"line":53,"column":5}},"line":51},"9":{"name":"(anonymous_9)","decl":{"start":{"line":56,"column":19},"end":{"line":56,"column":20}},"loc":{"start":{"line":56,"column":31},"end":{"line":59,"column":3}},"line":56},"10":{"name":"(anonymous_10)","decl":{"start":{"line":61,"column":21},"end":{"line":61,"column":22}},"loc":{"start":{"line":61,"column":27},"end":{"line":63,"column":3}},"line":61},"11":{"name":"(anonymous_11)","decl":{"start":{"line":75,"column":21},"end":{"line":75,"column":22}},"loc":{"start":{"line":75,"column":27},"end":{"line":75,"column":42}},"line":75}},"branchMap":{"0":{"loc":{"start":{"line":23,"column":4},"end":{"line":25,"column":5}},"type":"if","locations":[{"start":{"line":23,"column":4},"end":{"line":25,"column":5}},{"start":{"line":23,"column":4},"end":{"line":25,"column":5}}],"line":23},"1":{"loc":{"start":{"line":23,"column":8},"end":{"line":23,"column":44}},"type":"binary-expr","locations":[{"start":{"line":23,"column":8},"end":{"line":23,"column":23}},{"start":{"line":23,"column":27},"end":{"line":23,"column":44}}],"line":23},"2":{"loc":{"start":{"line":27,"column":4},"end":{"line":31,"column":5}},"type":"if","locations":[{"start":{"line":27,"column":4},"end":{"line":31,"column":5}},{"start":{"line":27,"column":4},"end":{"line":31,"column":5}}],"line":27}},"s":{"0":1,"1":1,"2":1,"3":1,"4":1,"5":1,"6":1,"7":1,"8":1,"9":1,"10":1,"11":1,"12":1,"13":1,"14":1,"15":1,"16":0,"17":1,"18":1,"19":0,"20":1,"21":0,"22":0,"23":0,"24":0,"25":0,"26":1,"27":0,"28":0,"29":0,"30":1,"31":0,"32":0,"33":1,"34":0,"35":0,"36":1,"37":0,"38":1,"39":1,"40":1,"41":1,"42":0},"f":{"0":1,"1":1,"2":0,"3":0,"4":0,"5":0,"6":0,"7":0,"8":0,"9":0,"10":0,"11":0},"b":{"0":[1,0],"1":[1,1],"2":[0,1]},"_coverageSchema":"43e27e138ebf9cfc5966b082cf9a028302ed4184","hash":"a21cdbea130a309c8e6ae33aa7038db27ad85ca4"}
,"C:\\DH Assignment Tools\\dh-frontend-assignment\\src\\HotApp.js": {"path":"C:\\DH Assignment Tools\\dh-frontend-assignment\\src\\HotApp.js","statementMap":{},"fnMap":{},"branchMap":{},"s":{},"f":{},"b":{},"hash":"e91cfcb440425e03d7a665ec9e237dc1da5d8442"}
,"C:\\DH Assignment Tools\\dh-frontend-assignment\\src\\MOCK_DATA.json": {"path":"C:\\DH Assignment Tools\\dh-frontend-assignment\\src\\MOCK_DATA.json","statementMap":{"0":{"start":{"line":1,"column":0},"end":{"line":1000,"column":21}}},"fnMap":{},"branchMap":{},"s":{"0":0},"f":{},"b":{},"hash":"8ee876e6c33d24755ecd86c1c82bd027ef29df85"}
,"C:\\DH Assignment Tools\\dh-frontend-assignment\\src\\SearchIcon.js": {"path":"C:\\DH Assignment Tools\\dh-frontend-assignment\\src\\SearchIcon.js","statementMap":{"0":{"start":{"line":3,"column":18},"end":{"line":18,"column":1}},"1":{"start":{"line":4,"column":2},"end":{"line":17,"column":4}}},"fnMap":{"0":{"name":"(anonymous_0)","decl":{"start":{"line":3,"column":18},"end":{"line":3,"column":19}},"loc":{"start":{"line":3,"column":56},"end":{"line":18,"column":1}},"line":3}},"branchMap":{},"s":{"0":0,"1":0},"f":{"0":0},"b":{},"hash":"dd513236160a16b7a182cc24843cb7664bcb3a0f"}
,"C:\\DH Assignment Tools\\dh-frontend-assignment\\src\\entry.js": {"path":"C:\\DH Assignment Tools\\dh-frontend-assignment\\src\\entry.js","statementMap":{"0":{"start":{"line":7,"column":0},"end":{"line":7,"column":60}}},"fnMap":{},"branchMap":{},"s":{"0":0},"f":{},"b":{},"hash":"6923914f0bf5c3f4b0352a6c77ffc67838c022a3"}
,"C:\\DH Assignment Tools\\dh-frontend-assignment\\src\\components\\Container.js": {"path":"C:\\DH Assignment Tools\\dh-frontend-assignment\\src\\components\\Container.js","statementMap":{"0":{"start":{"line":4,"column":16},"end":{"line":7,"column":1}},"1":{"start":{"line":9,"column":18},"end":{"line":11,"column":1}},"2":{"start":{"line":10,"column":2},"end":{"line":10,"column":45}}},"fnMap":{"0":{"name":"(anonymous_0)","decl":{"start":{"line":9,"column":18},"end":{"line":9,"column":19}},"loc":{"start":{"line":9,"column":27},"end":{"line":11,"column":1}},"line":9}},"branchMap":{},"s":{"0":1,"1":1,"2":1},"f":{"0":1},"b":{},"_coverageSchema":"43e27e138ebf9cfc5966b082cf9a028302ed4184","hash":"fcb4c5dab1372460b6d6490a4fe7c59d76fd56ac"}
,"C:\\DH Assignment Tools\\dh-frontend-assignment\\src\\components\\Input.js": {"path":"C:\\DH Assignment Tools\\dh-frontend-assignment\\src\\components\\Input.js","statementMap":{"0":{"start":{"line":3,"column":14},"end":{"line":19,"column":1}},"1":{"start":{"line":3,"column":43},"end":{"line":8,"column":1}},"2":{"start":{"line":14,"column":27},"end":{"line":14,"column":65}}},"fnMap":{"0":{"name":"(anonymous_0)","decl":{"start":{"line":3,"column":33},"end":{"line":3,"column":34}},"loc":{"start":{"line":3,"column":43},"end":{"line":8,"column":1}},"line":3},"1":{"name":"(anonymous_1)","decl":{"start":{"line":14,"column":17},"end":{"line":14,"column":18}},"loc":{"start":{"line":14,"column":27},"end":{"line":14,"column":65}},"line":14}},"branchMap":{"0":{"loc":{"start":{"line":14,"column":27},"end":{"line":14,"column":65}},"type":"cond-expr","locations":[{"start":{"line":14,"column":53},"end":{"line":14,"column":59}},{"start":{"line":14,"column":62},"end":{"line":14,"column":65}}],"line":14}},"s":{"0":0,"1":0,"2":0},"f":{"0":0,"1":0},"b":{"0":[0,0]},"hash":"dbfc52cabd3bb4f4479b9da5a64ba39144ee9719"}
,"C:\\DH Assignment Tools\\dh-frontend-assignment\\src\\components\\List.js": {"path":"C:\\DH Assignment Tools\\dh-frontend-assignment\\src\\components\\List.js","statementMap":{"0":{"start":{"line":3,"column":13},"end":{"line":13,"column":1}}},"fnMap":{},"branchMap":{},"s":{"0":0},"f":{},"b":{},"hash":"453a49d81ec3eaaa84559b86b4ca487cadce27fe"}
,"C:\\DH Assignment Tools\\dh-frontend-assignment\\src\\components\\ListItems.js": {"path":"C:\\DH Assignment Tools\\dh-frontend-assignment\\src\\components\\ListItems.js","statementMap":{"0":{"start":{"line":3,"column":18},"end":{"line":19,"column":1}},"1":{"start":{"line":3,"column":44},"end":{"line":8,"column":1}},"2":{"start":{"line":11,"column":23},"end":{"line":11,"column":59}}},"fnMap":{"0":{"name":"(anonymous_0)","decl":{"start":{"line":3,"column":34},"end":{"line":3,"column":35}},"loc":{"start":{"line":3,"column":44},"end":{"line":8,"column":1}},"line":3},"1":{"name":"(anonymous_1)","decl":{"start":{"line":11,"column":13},"end":{"line":11,"column":14}},"loc":{"start":{"line":11,"column":23},"end":{"line":11,"column":59}},"line":11}},"branchMap":{"0":{"loc":{"start":{"line":11,"column":23},"end":{"line":11,"column":59}},"type":"cond-expr","locations":[{"start":{"line":11,"column":43},"end":{"line":11,"column":50}},{"start":{"line":11,"column":53},"end":{"line":11,"column":59}}],"line":11}},"s":{"0":0,"1":0,"2":0},"f":{"0":0,"1":0},"b":{"0":[0,0]},"hash":"c824fdc7e352bcacc40ccf12e920919fe89774d8"}
,"C:\\DH Assignment Tools\\dh-frontend-assignment\\src\\components\\ListWrapper.js": {"path":"C:\\DH Assignment Tools\\dh-frontend-assignment\\src\\components\\ListWrapper.js","statementMap":{"0":{"start":{"line":3,"column":20},"end":{"line":8,"column":1}},"1":{"start":{"line":3,"column":47},"end":{"line":5,"column":1}},"2":{"start":{"line":6,"column":23},"end":{"line":6,"column":58}}},"fnMap":{"0":{"name":"(anonymous_0)","decl":{"start":{"line":3,"column":37},"end":{"line":3,"column":38}},"loc":{"start":{"line":3,"column":47},"end":{"line":5,"column":1}},"line":3},"1":{"name":"(anonymous_1)","decl":{"start":{"line":6,"column":13},"end":{"line":6,"column":14}},"loc":{"start":{"line":6,"column":23},"end":{"line":6,"column":58}},"line":6}},"branchMap":{"0":{"loc":{"start":{"line":6,"column":23},"end":{"line":6,"column":58}},"type":"cond-expr","locations":[{"start":{"line":6,"column":42},"end":{"line":6,"column":49}},{"start":{"line":6,"column":52},"end":{"line":6,"column":58}}],"line":6}},"s":{"0":0,"1":0,"2":0},"f":{"0":0,"1":0},"b":{"0":[0,0]},"hash":"edbe3074ec54fcaaedce73ff0cc0f19820ae665a"}
,"C:\\DH Assignment Tools\\dh-frontend-assignment\\src\\components\\Nav.js": {"path":"C:\\DH Assignment Tools\\dh-frontend-assignment\\src\\components\\Nav.js","statementMap":{"0":{"start":{"line":3,"column":12},"end":{"line":8,"column":1}},"1":{"start":{"line":3,"column":39},"end":{"line":5,"column":1}},"2":{"start":{"line":6,"column":23},"end":{"line":6,"column":59}}},"fnMap":{"0":{"name":"(anonymous_0)","decl":{"start":{"line":3,"column":29},"end":{"line":3,"column":30}},"loc":{"start":{"line":3,"column":39},"end":{"line":5,"column":1}},"line":3},"1":{"name":"(anonymous_1)","decl":{"start":{"line":6,"column":13},"end":{"line":6,"column":14}},"loc":{"start":{"line":6,"column":23},"end":{"line":6,"column":59}},"line":6}},"branchMap":{"0":{"loc":{"start":{"line":6,"column":23},"end":{"line":6,"column":59}},"type":"cond-expr","locations":[{"start":{"line":6,"column":43},"end":{"line":6,"column":50}},{"start":{"line":6,"column":53},"end":{"line":6,"column":59}}],"line":6}},"s":{"0":0,"1":0,"2":0},"f":{"0":0,"1":0},"b":{"0":[0,0]},"hash":"4f6748a957990af50fdd6ac541488e59df529d29"}
,"C:\\DH Assignment Tools\\dh-frontend-assignment\\src\\components\\Options.js": {"path":"C:\\DH Assignment Tools\\dh-frontend-assignment\\src\\components\\Options.js","statementMap":{"0":{"start":{"line":3,"column":16},"end":{"line":20,"column":1}},"1":{"start":{"line":3,"column":42},"end":{"line":9,"column":1}},"2":{"start":{"line":12,"column":23},"end":{"line":12,"column":59}}},"fnMap":{"0":{"name":"(anonymous_0)","decl":{"start":{"line":3,"column":32},"end":{"line":3,"column":33}},"loc":{"start":{"line":3,"column":42},"end":{"line":9,"column":1}},"line":3},"1":{"name":"(anonymous_1)","decl":{"start":{"line":12,"column":13},"end":{"line":12,"column":14}},"loc":{"start":{"line":12,"column":23},"end":{"line":12,"column":59}},"line":12}},"branchMap":{"0":{"loc":{"start":{"line":12,"column":23},"end":{"line":12,"column":59}},"type":"cond-expr","locations":[{"start":{"line":12,"column":43},"end":{"line":12,"column":50}},{"start":{"line":12,"column":53},"end":{"line":12,"column":59}}],"line":12}},"s":{"0":0,"1":0,"2":0},"f":{"0":0,"1":0},"b":{"0":[0,0]},"hash":"2d284ca8f64f533bcc1ec7654066be15f0c51b1b"}
,"C:\\DH Assignment Tools\\dh-frontend-assignment\\src\\components\\Select.js": {"path":"C:\\DH Assignment Tools\\dh-frontend-assignment\\src\\components\\Select.js","statementMap":{"0":{"start":{"line":4,"column":15},"end":{"line":9,"column":1}},"1":{"start":{"line":4,"column":45},"end":{"line":6,"column":1}},"2":{"start":{"line":7,"column":23},"end":{"line":7,"column":59}}},"fnMap":{"0":{"name":"(anonymous_0)","decl":{"start":{"line":4,"column":35},"end":{"line":4,"column":36}},"loc":{"start":{"line":4,"column":45},"end":{"line":6,"column":1}},"line":4},"1":{"name":"(anonymous_1)","decl":{"start":{"line":7,"column":13},"end":{"line":7,"column":14}},"loc":{"start":{"line":7,"column":23},"end":{"line":7,"column":59}},"line":7}},"branchMap":{"0":{"loc":{"start":{"line":7,"column":23},"end":{"line":7,"column":59}},"type":"cond-expr","locations":[{"start":{"line":7,"column":43},"end":{"line":7,"column":50}},{"start":{"line":7,"column":53},"end":{"line":7,"column":59}}],"line":7}},"s":{"0":0,"1":0,"2":0},"f":{"0":0,"1":0},"b":{"0":[0,0]},"hash":"d90e658f515c7c9b98d51638db240ee098deeff2"}
,"C:\\DH Assignment Tools\\dh-frontend-assignment\\src\\components\\Wrapper.js": {"path":"C:\\DH Assignment Tools\\dh-frontend-assignment\\src\\components\\Wrapper.js","statementMap":{"0":{"start":{"line":2,"column":16},"end":{"line":24,"column":1}},"1":{"start":{"line":6,"column":25},"end":{"line":6,"column":67}}},"fnMap":{"0":{"name":"(anonymous_0)","decl":{"start":{"line":6,"column":15},"end":{"line":6,"column":16}},"loc":{"start":{"line":6,"column":25},"end":{"line":6,"column":67}},"line":6}},"branchMap":{"0":{"loc":{"start":{"line":6,"column":25},"end":{"line":6,"column":67}},"type":"cond-expr","locations":[{"start":{"line":6,"column":51},"end":{"line":6,"column":58}},{"start":{"line":6,"column":61},"end":{"line":6,"column":67}}],"line":6}},"s":{"0":0,"1":0},"f":{"0":0},"b":{"0":[0,0]},"hash":"84033f5e7561f292f1b89e2fa0107635bdaaeaf3"}
,"C:\\DH Assignment Tools\\dh-frontend-assignment\\src\\components\\ContactInput\\ContactInput.js": {"path":"C:\\DH Assignment Tools\\dh-frontend-assignment\\src\\components\\ContactInput\\ContactInput.js","statementMap":{"0":{"start":{"line":4,"column":16},"end":{"line":27,"column":1}},"1":{"start":{"line":9,"column":25},"end":{"line":9,"column":67}},"2":{"start":{"line":29,"column":12},"end":{"line":35,"column":1}},"3":{"start":{"line":37,"column":13},"end":{"line":47,"column":1}},"4":{"start":{"line":49,"column":18},"end":{"line":62,"column":1}},"5":{"start":{"line":49,"column":44},"end":{"line":53,"column":1}},"6":{"start":{"line":64,"column":14},"end":{"line":74,"column":1}},"7":{"start":{"line":76,"column":14},"end":{"line":114,"column":1}},"8":{"start":{"line":116,"column":21},"end":{"line":157,"column":1}},"9":{"start":{"line":129,"column":2},"end":{"line":156,"column":4}},"10":{"start":{"line":147,"column":28},"end":{"line":147,"column":73}},"11":{"start":{"line":149,"column":14},"end":{"line":151,"column":26}},"12":{"start":{"line":149,"column":49},"end":{"line":149,"column":70}}},"fnMap":{"0":{"name":"(anonymous_0)","decl":{"start":{"line":9,"column":15},"end":{"line":9,"column":16}},"loc":{"start":{"line":9,"column":25},"end":{"line":9,"column":67}},"line":9},"1":{"name":"(anonymous_1)","decl":{"start":{"line":49,"column":34},"end":{"line":49,"column":35}},"loc":{"start":{"line":49,"column":44},"end":{"line":53,"column":1}},"line":49},"2":{"name":"(anonymous_2)","decl":{"start":{"line":116,"column":21},"end":{"line":116,"column":22}},"loc":{"start":{"line":128,"column":6},"end":{"line":157,"column":1}},"line":128},"3":{"name":"(anonymous_3)","decl":{"start":{"line":147,"column":20},"end":{"line":147,"column":21}},"loc":{"start":{"line":147,"column":28},"end":{"line":147,"column":73}},"line":147},"4":{"name":"(anonymous_4)","decl":{"start":{"line":148,"column":17},"end":{"line":148,"column":18}},"loc":{"start":{"line":149,"column":14},"end":{"line":151,"column":26}},"line":149},"5":{"name":"(anonymous_5)","decl":{"start":{"line":149,"column":43},"end":{"line":149,"column":44}},"loc":{"start":{"line":149,"column":49},"end":{"line":149,"column":70}},"line":149}},"branchMap":{"0":{"loc":{"start":{"line":9,"column":25},"end":{"line":9,"column":67}},"type":"cond-expr","locations":[{"start":{"line":9,"column":51},"end":{"line":9,"column":58}},{"start":{"line":9,"column":61},"end":{"line":9,"column":67}}],"line":9},"1":{"loc":{"start":{"line":123,"column":2},"end":{"line":123,"column":19}},"type":"default-arg","locations":[{"start":{"line":123,"column":17},"end":{"line":123,"column":19}}],"line":123},"2":{"loc":{"start":{"line":147,"column":28},"end":{"line":147,"column":73}},"type":"binary-expr","locations":[{"start":{"line":147,"column":28},"end":{"line":147,"column":56}},{"start":{"line":147,"column":60},"end":{"line":147,"column":73}}],"line":147}},"s":{"0":2,"1":2,"2":2,"3":2,"4":2,"5":1000,"6":2,"7":2,"8":2,"9":3,"10":1000,"11":1000,"12":0},"f":{"0":2,"1":1000,"2":3,"3":1000,"4":1000,"5":0},"b":{"0":[0,2],"1":[2],"2":[1000,1000]},"_coverageSchema":"43e27e138ebf9cfc5966b082cf9a028302ed4184","hash":"5da3920db9ce4f5a99326b47754e894780c8dac4"}
,"C:\\DH Assignment Tools\\dh-frontend-assignment\\src\\customHooks\\useKey.js": {"path":"C:\\DH Assignment Tools\\dh-frontend-assignment\\src\\customHooks\\useKey.js","statementMap":{"0":{"start":{"line":3,"column":15},"end":{"line":3,"column":23}}},"fnMap":{"0":{"name":"(anonymous_0)","decl":{"start":{"line":3,"column":15},"end":{"line":3,"column":16}},"loc":{"start":{"line":3,"column":21},"end":{"line":3,"column":23}},"line":3}},"branchMap":{},"s":{"0":0},"f":{"0":0},"b":{},"hash":"5959dd42e5964ead18ff168777212c32442af037"}
}
