TN:
SF:C:\DH Assignment Tools\dh-frontend-assignment\src\App.js
FN:7,App
FN:16,handleResize
FN:21,useWindowSize
FN:22,(anonymous_3)
FN:35,(anonymous_4)
FN:36,(anonymous_5)
FN:37,(anonymous_6)
FN:44,onEnter
FN:48,onESC
FN:55,(anonymous_9)
FN:66,(anonymous_10)
FNF:11
FNH:4
FNDA:3,App
FNDA:0,handleResize
FNDA:3,useWindowSize
FNDA:3,(anonymous_3)
FNDA:0,(anonymous_4)
FNDA:1,(anonymous_5)
FNDA:0,(anonymous_6)
FNDA:0,onEnter
FNDA:0,onESC
FNDA:0,(anonymous_9)
FNDA:0,(anonymous_10)
DA:8,3
DA:9,3
DA:10,3
DA:11,3
DA:12,3
DA:14,3
DA:17,0
DA:18,0
DA:22,3
DA:23,3
DA:24,3
DA:25,3
DA:26,3
DA:29,3
DA:30,0
DA:32,3
DA:35,3
DA:36,3
DA:37,1
DA:42,3
DA:45,0
DA:49,0
DA:52,3
DA:53,3
DA:55,3
DA:56,0
DA:59,3
DA:66,0
LF:28
LH:21
BRDA:24,0,0,3
BRDA:24,0,1,0
BRDA:24,1,0,3
BRDA:24,1,1,3
BRDA:29,2,0,0
BRDA:29,2,1,3
BRF:6
BRH:4
end_of_record
TN:
SF:C:\DH Assignment Tools\dh-frontend-assignment\src\HotApp.js
FNF:0
FNH:0
LF:0
LH:0
BRF:0
BRH:0
end_of_record
TN:
SF:C:\DH Assignment Tools\dh-frontend-assignment\src\MOCK_DATA.json
FNF:0
FNH:0
DA:1,0
LF:1
LH:0
BRF:0
BRH:0
end_of_record
TN:
SF:C:\DH Assignment Tools\dh-frontend-assignment\src\entry.js
FNF:0
FNH:0
DA:7,0
LF:1
LH:0
BRF:0
BRH:0
end_of_record
TN:
SF:C:\DH Assignment Tools\dh-frontend-assignment\src\components\Container\Container.js
FN:9,(anonymous_0)
FNF:1
FNH:1
FNDA:4,(anonymous_0)
DA:4,3
DA:9,3
DA:10,4
LF:3
LH:3
BRF:0
BRH:0
end_of_record
TN:
SF:C:\DH Assignment Tools\dh-frontend-assignment\src\components\DropdownSearch\DropdownSearch.js
FN:9,(anonymous_0)
FN:20,(anonymous_1)
FN:22,(anonymous_2)
FN:28,(anonymous_3)
FN:29,(anonymous_4)
FN:34,(anonymous_5)
FN:38,(anonymous_6)
FN:48,(anonymous_7)
FN:62,(anonymous_8)
FN:64,(anonymous_9)
FN:66,(anonymous_10)
FN:67,(anonymous_11)
FNF:12
FNH:9
FNDA:8,(anonymous_0)
FNDA:3000,(anonymous_1)
FNDA:1,(anonymous_2)
FNDA:1,(anonymous_3)
FNDA:1,(anonymous_4)
FNDA:0,(anonymous_5)
FNDA:0,(anonymous_6)
FNDA:1,(anonymous_7)
FNDA:17682,(anonymous_8)
FNDA:3000,(anonymous_9)
FNDA:2955,(anonymous_10)
FNDA:0,(anonymous_11)
DA:9,3
DA:16,8
DA:17,8
DA:18,8
DA:20,3000
DA:22,8
DA:23,1
DA:24,1
DA:25,1
DA:28,8
DA:29,1
DA:30,1
DA:34,8
DA:35,0
DA:38,8
DA:39,0
DA:40,0
DA:43,8
DA:48,1
DA:62,17682
DA:64,3000
DA:67,2955
LF:22
LH:19
BRDA:11,0,0,5
BRDA:56,1,0,5
BRDA:56,1,1,3
BRDA:62,2,0,8877
BRDA:62,2,1,8805
BRDA:64,3,0,3000
BRDA:64,3,1,3000
BRF:7
BRH:7
end_of_record
TN:
SF:C:\DH Assignment Tools\dh-frontend-assignment\src\components\DropdownSearch\DropdownInput\Input.js
FN:5,(anonymous_0)
FNF:1
FNH:1
FNDA:9,(anonymous_0)
DA:5,9
LF:1
LH:1
BRF:0
BRH:0
end_of_record
TN:
SF:C:\DH Assignment Tools\dh-frontend-assignment\src\components\DropdownSearch\DropdownLabel\DropdownLabel.js
FNF:0
FNH:0
DA:3,4
LF:1
LH:1
BRF:0
BRH:0
end_of_record
TN:
SF:C:\DH Assignment Tools\dh-frontend-assignment\src\components\DropdownSearch\DropdownListItems\ListItems.js
FN:3,(anonymous_0)
FN:14,(anonymous_1)
FNF:2
FNH:2
FNDA:2961,(anonymous_0)
FNDA:2961,(anonymous_1)
DA:3,2961
DA:14,2961
LF:2
LH:2
BRDA:14,0,0,5
BRDA:14,0,1,2956
BRF:2
BRH:2
end_of_record
TN:
SF:C:\DH Assignment Tools\dh-frontend-assignment\src\components\DropdownSearch\DropdownSearchList\List.js
FN:26,(anonymous_0)
FNF:1
FNH:1
FNDA:8,(anonymous_0)
DA:4,3
DA:15,3
DA:26,3
DA:27,8
LF:4
LH:4
BRF:0
BRH:0
end_of_record
TN:
SF:C:\DH Assignment Tools\dh-frontend-assignment\src\components\DropdownSearch\DropdownSearchNav\Nav.js
FNF:0
FNH:0
DA:3,4
LF:1
LH:1
BRF:0
BRH:0
end_of_record
TN:
SF:C:\DH Assignment Tools\dh-frontend-assignment\src\components\DropdownSearch\DropdownSearchWrapper\Wrapper.js
FN:2,(anonymous_0)
FN:11,(anonymous_1)
FNF:2
FNH:2
FNDA:10,(anonymous_0)
FNDA:10,(anonymous_1)
DA:2,10
DA:11,10
LF:2
LH:2
BRDA:11,0,0,0
BRDA:11,0,1,10
BRF:2
BRH:1
end_of_record
TN:
SF:C:\DH Assignment Tools\dh-frontend-assignment\src\customHooks\useKey.js
FN:3,(anonymous_0)
FN:6,(anonymous_1)
FN:10,handleEvent
FN:16,(anonymous_3)
FN:18,(anonymous_4)
FNF:5
FNH:4
FNDA:6,(anonymous_0)
FNDA:6,(anonymous_1)
FNDA:0,handleEvent
FNDA:6,(anonymous_3)
FNDA:2,(anonymous_4)
DA:3,2
DA:4,6
DA:6,6
DA:7,6
DA:11,0
DA:12,0
DA:16,6
DA:17,6
DA:18,6
DA:19,2
LF:10
LH:8
BRDA:11,0,0,0
BRDA:11,0,1,0
BRF:2
BRH:0
end_of_record
