TN:
SF:C:\DH Assignment Tools\dh-frontend-assignment\src\App.js
FN:8,App
FN:21,(anonymous_1)
FN:33,(anonymous_2)
FN:34,(anonymous_3)
FN:35,(anonymous_4)
FN:40,handleResize
FN:44,(anonymous_6)
FN:50,(anonymous_7)
FN:51,(anonymous_8)
FN:56,(anonymous_9)
FN:61,(anonymous_10)
FN:75,(anonymous_11)
FNF:12
FNH:2
FNDA:1,App
FNDA:1,(anonymous_1)
FNDA:0,(anonymous_2)
FNDA:0,(anonymous_3)
FNDA:0,(anonymous_4)
FNDA:0,handleResize
FNDA:0,(anonymous_6)
FNDA:0,(anonymous_7)
FNDA:0,(anonymous_8)
FNDA:0,(anonymous_9)
FNDA:0,(anonymous_10)
FNDA:0,(anonymous_11)
DA:9,1
DA:10,1
DA:11,1
DA:12,1
DA:13,1
DA:14,1
DA:15,1
DA:16,1
DA:17,1
DA:18,1
DA:19,1
DA:21,1
DA:22,1
DA:23,1
DA:24,1
DA:27,1
DA:28,0
DA:30,1
DA:33,1
DA:34,1
DA:35,0
DA:36,0
DA:41,0
DA:42,0
DA:44,1
DA:45,0
DA:46,0
DA:47,0
DA:50,1
DA:51,0
DA:52,0
DA:56,1
DA:57,0
DA:58,0
DA:61,1
DA:62,0
DA:65,1
DA:66,1
DA:68,1
DA:69,1
DA:75,0
LF:41
LH:27
BRDA:23,0,0,1
BRDA:23,0,1,0
BRDA:23,1,0,1
BRDA:23,1,1,1
BRDA:27,2,0,0
BRDA:27,2,1,1
BRF:6
BRH:4
end_of_record
TN:
SF:C:\DH Assignment Tools\dh-frontend-assignment\src\HotApp.js
FNF:0
FNH:0
LF:0
LH:0
BRF:0
BRH:0
end_of_record
TN:
SF:C:\DH Assignment Tools\dh-frontend-assignment\src\MOCK_DATA.json
FNF:0
FNH:0
DA:1,0
LF:1
LH:0
BRF:0
BRH:0
end_of_record
TN:
SF:C:\DH Assignment Tools\dh-frontend-assignment\src\SearchIcon.js
FN:3,(anonymous_0)
FNF:1
FNH:0
FNDA:0,(anonymous_0)
DA:3,0
DA:4,0
LF:2
LH:0
BRF:0
BRH:0
end_of_record
TN:
SF:C:\DH Assignment Tools\dh-frontend-assignment\src\entry.js
FNF:0
FNH:0
DA:7,0
LF:1
LH:0
BRF:0
BRH:0
end_of_record
TN:
SF:C:\DH Assignment Tools\dh-frontend-assignment\src\components\Container.js
FN:9,(anonymous_0)
FNF:1
FNH:1
FNDA:1,(anonymous_0)
DA:4,1
DA:9,1
DA:10,1
LF:3
LH:3
BRF:0
BRH:0
end_of_record
TN:
SF:C:\DH Assignment Tools\dh-frontend-assignment\src\components\Input.js
FN:3,(anonymous_0)
FN:14,(anonymous_1)
FNF:2
FNH:0
FNDA:0,(anonymous_0)
FNDA:0,(anonymous_1)
DA:3,0
DA:14,0
LF:2
LH:0
BRDA:14,0,0,0
BRDA:14,0,1,0
BRF:2
BRH:0
end_of_record
TN:
SF:C:\DH Assignment Tools\dh-frontend-assignment\src\components\List.js
FNF:0
FNH:0
DA:3,0
LF:1
LH:0
BRF:0
BRH:0
end_of_record
TN:
SF:C:\DH Assignment Tools\dh-frontend-assignment\src\components\ListItems.js
FN:3,(anonymous_0)
FN:11,(anonymous_1)
FNF:2
FNH:0
FNDA:0,(anonymous_0)
FNDA:0,(anonymous_1)
DA:3,0
DA:11,0
LF:2
LH:0
BRDA:11,0,0,0
BRDA:11,0,1,0
BRF:2
BRH:0
end_of_record
TN:
SF:C:\DH Assignment Tools\dh-frontend-assignment\src\components\ListWrapper.js
FN:3,(anonymous_0)
FN:6,(anonymous_1)
FNF:2
FNH:0
FNDA:0,(anonymous_0)
FNDA:0,(anonymous_1)
DA:3,0
DA:6,0
LF:2
LH:0
BRDA:6,0,0,0
BRDA:6,0,1,0
BRF:2
BRH:0
end_of_record
TN:
SF:C:\DH Assignment Tools\dh-frontend-assignment\src\components\Nav.js
FN:3,(anonymous_0)
FN:6,(anonymous_1)
FNF:2
FNH:0
FNDA:0,(anonymous_0)
FNDA:0,(anonymous_1)
DA:3,0
DA:6,0
LF:2
LH:0
BRDA:6,0,0,0
BRDA:6,0,1,0
BRF:2
BRH:0
end_of_record
TN:
SF:C:\DH Assignment Tools\dh-frontend-assignment\src\components\Options.js
FN:3,(anonymous_0)
FN:12,(anonymous_1)
FNF:2
FNH:0
FNDA:0,(anonymous_0)
FNDA:0,(anonymous_1)
DA:3,0
DA:12,0
LF:2
LH:0
BRDA:12,0,0,0
BRDA:12,0,1,0
BRF:2
BRH:0
end_of_record
TN:
SF:C:\DH Assignment Tools\dh-frontend-assignment\src\components\Select.js
FN:4,(anonymous_0)
FN:7,(anonymous_1)
FNF:2
FNH:0
FNDA:0,(anonymous_0)
FNDA:0,(anonymous_1)
DA:4,0
DA:7,0
LF:2
LH:0
BRDA:7,0,0,0
BRDA:7,0,1,0
BRF:2
BRH:0
end_of_record
TN:
SF:C:\DH Assignment Tools\dh-frontend-assignment\src\components\Wrapper.js
FN:6,(anonymous_0)
FNF:1
FNH:0
FNDA:0,(anonymous_0)
DA:2,0
DA:6,0
LF:2
LH:0
BRDA:6,0,0,0
BRDA:6,0,1,0
BRF:2
BRH:0
end_of_record
TN:
SF:C:\DH Assignment Tools\dh-frontend-assignment\src\components\ContactInput\ContactInput.js
FN:9,(anonymous_0)
FN:49,(anonymous_1)
FN:116,(anonymous_2)
FN:147,(anonymous_3)
FN:148,(anonymous_4)
FN:149,(anonymous_5)
FNF:6
FNH:5
FNDA:2,(anonymous_0)
FNDA:1000,(anonymous_1)
FNDA:3,(anonymous_2)
FNDA:1000,(anonymous_3)
FNDA:1000,(anonymous_4)
FNDA:0,(anonymous_5)
DA:4,2
DA:9,2
DA:29,2
DA:37,2
DA:49,1000
DA:64,2
DA:76,2
DA:116,2
DA:129,3
DA:147,1000
DA:149,1000
LF:11
LH:11
BRDA:9,0,0,0
BRDA:9,0,1,2
BRDA:123,1,0,2
BRDA:147,2,0,1000
BRDA:147,2,1,1000
BRF:5
BRH:4
end_of_record
TN:
SF:C:\DH Assignment Tools\dh-frontend-assignment\src\customHooks\useKey.js
FN:3,(anonymous_0)
FNF:1
FNH:0
FNDA:0,(anonymous_0)
DA:3,0
LF:1
LH:0
BRF:0
BRH:0
end_of_record
